  Algoritm Floyda.cpp
D:\Университет\2 курс 1 семестр\Курсовая работа\Algoritm Floyda\Algoritm Floyda.cpp(63,12): warning C4566: символ, представленный универсальным именем символа "\u0421", невозможно представить в текущей кодовой странице (1252)
D:\Университет\2 курс 1 семестр\Курсовая работа\Algoritm Floyda\Algoritm Floyda.cpp(63,12): warning C4566: символ, представленный универсальным именем символа "\u043B", невозможно представить в текущей кодовой странице (1252)
D:\Университет\2 курс 1 семестр\Курсовая работа\Algoritm Floyda\Algoritm Floyda.cpp(63,12): warning C4566: символ, представленный универсальным именем символа "\u0435", невозможно представить в текущей кодовой странице (1252)
D:\Университет\2 курс 1 семестр\Курсовая работа\Algoritm Floyda\Algoritm Floyda.cpp(63,12): warning C4566: символ, представленный универсальным именем символа "\u0434", невозможно представить в текущей кодовой странице (1252)
D:\Университет\2 курс 1 семестр\Курсовая работа\Algoritm Floyda\Algoritm Floyda.cpp(63,12): warning C4566: символ, представленный универсальным именем символа "\u0443", невозможно представить в текущей кодовой странице (1252)
D:\Университет\2 курс 1 семестр\Курсовая работа\Algoritm Floyda\Algoritm Floyda.cpp(63,12): warning C4566: символ, представленный универсальным именем символа "\u044E", невозможно представить в текущей кодовой странице (1252)
D:\Университет\2 курс 1 семестр\Курсовая работа\Algoritm Floyda\Algoritm Floyda.cpp(63,12): warning C4566: символ, представленный универсальным именем символа "\u0449", невозможно представить в текущей кодовой странице (1252)
D:\Университет\2 курс 1 семестр\Курсовая работа\Algoritm Floyda\Algoritm Floyda.cpp(63,12): warning C4566: символ, представленный универсальным именем символа "\u0430", невозможно представить в текущей кодовой странице (1252)
D:\Университет\2 курс 1 семестр\Курсовая работа\Algoritm Floyda\Algoritm Floyda.cpp(63,12): warning C4566: символ, представленный универсальным именем символа "\u044F", невозможно представить в текущей кодовой странице (1252)
D:\Университет\2 курс 1 семестр\Курсовая работа\Algoritm Floyda\Algoritm Floyda.cpp(63,12): warning C4566: символ, представленный универсальным именем символа "\u043C", невозможно представить в текущей кодовой странице (1252)
D:\Университет\2 курс 1 семестр\Курсовая работа\Algoritm Floyda\Algoritm Floyda.cpp(63,12): warning C4566: символ, представленный универсальным именем символа "\u0442", невозможно представить в текущей кодовой странице (1252)
D:\Университет\2 курс 1 семестр\Курсовая работа\Algoritm Floyda\Algoritm Floyda.cpp(63,12): warning C4566: символ, представленный универсальным именем символа "\u0440", невозможно представить в текущей кодовой странице (1252)
D:\Университет\2 курс 1 семестр\Курсовая работа\Algoritm Floyda\Algoritm Floyda.cpp(63,12): warning C4566: символ, представленный универсальным именем символа "\u0438", невозможно представить в текущей кодовой странице (1252)
D:\Университет\2 курс 1 семестр\Курсовая работа\Algoritm Floyda\Algoritm Floyda.cpp(63,12): warning C4566: символ, представленный универсальным именем символа "\u0446", невозможно представить в текущей кодовой странице (1252)
D:\Университет\2 курс 1 семестр\Курсовая работа\Algoritm Floyda\Algoritm Floyda.cpp(63,12): warning C4566: символ, представленный универсальным именем символа "\u043F", невозможно представить в текущей кодовой странице (1252)
D:\Университет\2 курс 1 семестр\Курсовая работа\Algoritm Floyda\Algoritm Floyda.cpp(63,12): warning C4566: символ, представленный универсальным именем символа "\u043E", невозможно представить в текущей кодовой странице (1252)
D:\Университет\2 курс 1 семестр\Курсовая работа\Algoritm Floyda\Algoritm Floyda.cpp(63,12): warning C4566: символ, представленный универсальным именем символа "\u043A", невозможно представить в текущей кодовой странице (1252)
D:\Университет\2 курс 1 семестр\Курсовая работа\Algoritm Floyda\Algoritm Floyda.cpp(63,12): warning C4566: символ, представленный универсальным именем символа "\u0437", невозможно представить в текущей кодовой странице (1252)
D:\Университет\2 курс 1 семестр\Курсовая работа\Algoritm Floyda\Algoritm Floyda.cpp(63,12): warning C4566: символ, представленный универсальным именем символа "\u044B", невозможно представить в текущей кодовой странице (1252)
D:\Университет\2 курс 1 семестр\Курсовая работа\Algoritm Floyda\Algoritm Floyda.cpp(63,12): warning C4566: символ, представленный универсальным именем символа "\u0432", невозможно представить в текущей кодовой странице (1252)
D:\Университет\2 курс 1 семестр\Курсовая работа\Algoritm Floyda\Algoritm Floyda.cpp(63,12): warning C4566: символ, представленный универсальным именем символа "\u0447", невозможно представить в текущей кодовой странице (1252)
D:\Университет\2 курс 1 семестр\Курсовая работа\Algoritm Floyda\Algoritm Floyda.cpp(63,12): warning C4566: символ, представленный универсальным именем символа "\u0439", невозможно представить в текущей кодовой странице (1252)
D:\Университет\2 курс 1 семестр\Курсовая работа\Algoritm Floyda\Algoritm Floyda.cpp(63,12): warning C4566: символ, представленный универсальным именем символа "\u0448", невозможно представить в текущей кодовой странице (1252)
D:\Университет\2 курс 1 семестр\Курсовая работа\Algoritm Floyda\Algoritm Floyda.cpp(63,12): warning C4566: символ, представленный универсальным именем символа "\u0441", невозможно представить в текущей кодовой странице (1252)
D:\Университет\2 курс 1 семестр\Курсовая работа\Algoritm Floyda\Algoritm Floyda.cpp(63,12): warning C4566: символ, представленный универсальным именем символа "\u043D", невозможно представить в текущей кодовой странице (1252)
D:\Университет\2 курс 1 семестр\Курсовая работа\Algoritm Floyda\Algoritm Floyda.cpp(63,12): warning C4566: символ, представленный универсальным именем символа "\u0436", невозможно представить в текущей кодовой странице (1252)
D:\Университет\2 курс 1 семестр\Курсовая работа\Algoritm Floyda\Algoritm Floyda.cpp(72,16): warning C4566: символ, представленный универсальным именем символа "\u041E", невозможно представить в текущей кодовой странице (1252)
D:\Университет\2 курс 1 семестр\Курсовая работа\Algoritm Floyda\Algoritm Floyda.cpp(72,16): warning C4566: символ, представленный универсальным именем символа "\u0442", невозможно представить в текущей кодовой странице (1252)
D:\Университет\2 курс 1 семестр\Курсовая работа\Algoritm Floyda\Algoritm Floyda.cpp(72,16): warning C4566: символ, представленный универсальным именем символа "\u0432", невозможно представить в текущей кодовой странице (1252)
D:\Университет\2 курс 1 семестр\Курсовая работа\Algoritm Floyda\Algoritm Floyda.cpp(72,16): warning C4566: символ, представленный универсальным именем символа "\u0435", невозможно представить в текущей кодовой странице (1252)
D:\Университет\2 курс 1 семестр\Курсовая работа\Algoritm Floyda\Algoritm Floyda.cpp(97,15): warning C4244: аргумент: преобразование "time_t" в "unsigned int", возможна потеря данных
D:\Университет\2 курс 1 семестр\Курсовая работа\Algoritm Floyda\Algoritm Floyda.cpp(105,16): warning C4566: символ, представленный универсальным именем символа "\u0412", невозможно представить в текущей кодовой странице (1252)
D:\Университет\2 курс 1 семестр\Курсовая работа\Algoritm Floyda\Algoritm Floyda.cpp(105,16): warning C4566: символ, представленный универсальным именем символа "\u0432", невозможно представить в текущей кодовой странице (1252)
D:\Университет\2 курс 1 семестр\Курсовая работа\Algoritm Floyda\Algoritm Floyda.cpp(105,16): warning C4566: символ, представленный универсальным именем символа "\u0435", невозможно представить в текущей кодовой странице (1252)
D:\Университет\2 курс 1 семестр\Курсовая работа\Algoritm Floyda\Algoritm Floyda.cpp(105,16): warning C4566: символ, представленный универсальным именем символа "\u0434", невозможно представить в текущей кодовой странице (1252)
D:\Университет\2 курс 1 семестр\Курсовая работа\Algoritm Floyda\Algoritm Floyda.cpp(105,16): warning C4566: символ, представленный универсальным именем символа "\u0438", невозможно представить в текущей кодовой странице (1252)
D:\Университет\2 курс 1 семестр\Курсовая работа\Algoritm Floyda\Algoritm Floyda.cpp(105,16): warning C4566: символ, представленный универсальным именем символа "\u0442", невозможно представить в текущей кодовой странице (1252)
D:\Университет\2 курс 1 семестр\Курсовая работа\Algoritm Floyda\Algoritm Floyda.cpp(105,16): warning C4566: символ, представленный универсальным именем символа "\u043A", невозможно представить в текущей кодовой странице (1252)
D:\Университет\2 курс 1 семестр\Курсовая работа\Algoritm Floyda\Algoritm Floyda.cpp(105,16): warning C4566: символ, представленный универсальным именем символа "\u043E", невозможно представить в текущей кодовой странице (1252)
D:\Университет\2 курс 1 семестр\Курсовая работа\Algoritm Floyda\Algoritm Floyda.cpp(105,16): warning C4566: символ, представленный универсальным именем символа "\u043B", невозможно представить в текущей кодовой странице (1252)
D:\Университет\2 курс 1 семестр\Курсовая работа\Algoritm Floyda\Algoritm Floyda.cpp(105,16): warning C4566: символ, представленный универсальным именем символа "\u0440", невозможно представить в текущей кодовой странице (1252)
D:\Университет\2 курс 1 семестр\Курсовая работа\Algoritm Floyda\Algoritm Floyda.cpp(105,16): warning C4566: символ, представленный универсальным именем символа "\u0448", невозможно представить в текущей кодовой странице (1252)
D:\Университет\2 курс 1 семестр\Курсовая работа\Algoritm Floyda\Algoritm Floyda.cpp(105,16): warning C4566: символ, представленный универсальным именем символа "\u043D", невозможно представить в текущей кодовой странице (1252)
D:\Университет\2 курс 1 семестр\Курсовая работа\Algoritm Floyda\Algoritm Floyda.cpp(105,16): warning C4566: символ, представленный универсальным именем символа "\u0433", невозможно представить в текущей кодовой странице (1252)
D:\Университет\2 курс 1 семестр\Курсовая работа\Algoritm Floyda\Algoritm Floyda.cpp(105,16): warning C4566: символ, представленный универсальным именем символа "\u0430", невозможно представить в текущей кодовой странице (1252)
D:\Университет\2 курс 1 семестр\Курсовая работа\Algoritm Floyda\Algoritm Floyda.cpp(105,16): warning C4566: символ, представленный универсальным именем символа "\u0444", невозможно представить в текущей кодовой странице (1252)
D:\Университет\2 курс 1 семестр\Курсовая работа\Algoritm Floyda\Algoritm Floyda.cpp(117,16): warning C4566: символ, представленный универсальным именем символа "\u0412", невозможно представить в текущей кодовой странице (1252)
D:\Университет\2 курс 1 семестр\Курсовая работа\Algoritm Floyda\Algoritm Floyda.cpp(117,16): warning C4566: символ, представленный универсальным именем символа "\u044B", невозможно представить в текущей кодовой странице (1252)
D:\Университет\2 курс 1 семестр\Курсовая работа\Algoritm Floyda\Algoritm Floyda.cpp(117,16): warning C4566: символ, представленный универсальным именем символа "\u0431", невозможно представить в текущей кодовой странице (1252)
D:\Университет\2 курс 1 семестр\Курсовая работа\Algoritm Floyda\Algoritm Floyda.cpp(117,16): warning C4566: символ, представленный универсальным именем символа "\u0435", невозможно представить в текущей кодовой странице (1252)
D:\Университет\2 курс 1 семестр\Курсовая работа\Algoritm Floyda\Algoritm Floyda.cpp(117,16): warning C4566: символ, представленный универсальным именем символа "\u0440", невозможно представить в текущей кодовой странице (1252)
D:\Университет\2 курс 1 семестр\Курсовая работа\Algoritm Floyda\Algoritm Floyda.cpp(117,16): warning C4566: символ, представленный универсальным именем символа "\u0442", невозможно представить в текущей кодовой странице (1252)
D:\Университет\2 курс 1 семестр\Курсовая работа\Algoritm Floyda\Algoritm Floyda.cpp(117,16): warning C4566: символ, представленный универсальным именем символа "\u0441", невозможно представить в текущей кодовой странице (1252)
D:\Университет\2 курс 1 семестр\Курсовая работа\Algoritm Floyda\Algoritm Floyda.cpp(117,16): warning C4566: символ, представленный универсальным именем символа "\u043F", невозможно представить в текущей кодовой странице (1252)
D:\Университет\2 курс 1 семестр\Курсовая работа\Algoritm Floyda\Algoritm Floyda.cpp(117,16): warning C4566: символ, представленный универсальным именем символа "\u043E", невозможно представить в текущей кодовой странице (1252)
D:\Университет\2 курс 1 семестр\Курсовая работа\Algoritm Floyda\Algoritm Floyda.cpp(117,16): warning C4566: символ, представленный универсальным именем символа "\u043D", невозможно представить в текущей кодовой странице (1252)
D:\Университет\2 курс 1 семестр\Курсовая работа\Algoritm Floyda\Algoritm Floyda.cpp(117,16): warning C4566: символ, представленный универсальным именем символа "\u0438", невозможно представить в текущей кодовой странице (1252)
D:\Университет\2 курс 1 семестр\Курсовая работа\Algoritm Floyda\Algoritm Floyda.cpp(117,16): warning C4566: символ, представленный универсальным именем символа "\u044F", невозможно представить в текущей кодовой странице (1252)
D:\Университет\2 курс 1 семестр\Курсовая работа\Algoritm Floyda\Algoritm Floyda.cpp(117,16): warning C4566: символ, представленный универсальным именем символа "\u0433", невозможно представить в текущей кодовой странице (1252)
D:\Университет\2 курс 1 семестр\Курсовая работа\Algoritm Floyda\Algoritm Floyda.cpp(117,16): warning C4566: символ, представленный универсальным именем символа "\u0430", невозможно представить в текущей кодовой странице (1252)
D:\Университет\2 курс 1 семестр\Курсовая работа\Algoritm Floyda\Algoritm Floyda.cpp(117,16): warning C4566: символ, представленный универсальным именем символа "\u0444", невозможно представить в текущей кодовой странице (1252)
D:\Университет\2 курс 1 семестр\Курсовая работа\Algoritm Floyda\Algoritm Floyda.cpp(117,16): warning C4566: символ, представленный универсальным именем символа "\u0421", невозможно представить в текущей кодовой странице (1252)
D:\Университет\2 курс 1 семестр\Курсовая работа\Algoritm Floyda\Algoritm Floyda.cpp(117,16): warning C4566: символ, представленный универсальным именем символа "\u043B", невозможно представить в текущей кодовой странице (1252)
D:\Университет\2 курс 1 семестр\Курсовая работа\Algoritm Floyda\Algoritm Floyda.cpp(117,16): warning C4566: символ, представленный универсальным именем символа "\u0443", невозможно представить в текущей кодовой странице (1252)
D:\Университет\2 курс 1 семестр\Курсовая работа\Algoritm Floyda\Algoritm Floyda.cpp(117,16): warning C4566: символ, представленный универсальным именем символа "\u0447", невозможно представить в текущей кодовой странице (1252)
D:\Университет\2 курс 1 семестр\Курсовая работа\Algoritm Floyda\Algoritm Floyda.cpp(117,16): warning C4566: символ, представленный универсальным именем символа "\u0439", невозможно представить в текущей кодовой странице (1252)
D:\Университет\2 курс 1 семестр\Курсовая работа\Algoritm Floyda\Algoritm Floyda.cpp(117,16): warning C4566: символ, представленный универсальным именем символа "\u0437", невозможно представить в текущей кодовой странице (1252)
D:\Университет\2 курс 1 семестр\Курсовая работа\Algoritm Floyda\Algoritm Floyda.cpp(118,16): warning C4566: символ, представленный универсальным именем символа "\u0421", невозможно представить в текущей кодовой странице (1252)
D:\Университет\2 курс 1 семестр\Курсовая работа\Algoritm Floyda\Algoritm Floyda.cpp(118,16): warning C4566: символ, представленный универсальным именем символа "\u0447", невозможно представить в текущей кодовой странице (1252)
D:\Университет\2 курс 1 семестр\Курсовая работа\Algoritm Floyda\Algoritm Floyda.cpp(118,16): warning C4566: символ, представленный универсальным именем символа "\u0438", невозможно представить в текущей кодовой странице (1252)
D:\Университет\2 курс 1 семестр\Курсовая работа\Algoritm Floyda\Algoritm Floyda.cpp(118,16): warning C4566: символ, представленный универсальным именем символа "\u0442", невозможно представить в текущей кодовой странице (1252)
D:\Университет\2 курс 1 семестр\Курсовая работа\Algoritm Floyda\Algoritm Floyda.cpp(118,16): warning C4566: символ, представленный универсальным именем символа "\u0430", невозможно представить в текущей кодовой странице (1252)
D:\Университет\2 курс 1 семестр\Курсовая работа\Algoritm Floyda\Algoritm Floyda.cpp(118,16): warning C4566: символ, представленный универсальным именем символа "\u044C", невозможно представить в текущей кодовой странице (1252)
D:\Университет\2 курс 1 семестр\Курсовая работа\Algoritm Floyda\Algoritm Floyda.cpp(118,16): warning C4566: символ, представленный универсальным именем символа "\u0433", невозможно представить в текущей кодовой странице (1252)
D:\Университет\2 курс 1 семестр\Курсовая работа\Algoritm Floyda\Algoritm Floyda.cpp(118,16): warning C4566: символ, представленный универсальным именем символа "\u0440", невозможно представить в текущей кодовой странице (1252)
D:\Университет\2 курс 1 семестр\Курсовая работа\Algoritm Floyda\Algoritm Floyda.cpp(118,16): warning C4566: символ, представленный универсальным именем символа "\u0444", невозможно представить в текущей кодовой странице (1252)
D:\Университет\2 курс 1 семестр\Курсовая работа\Algoritm Floyda\Algoritm Floyda.cpp(118,16): warning C4566: символ, представленный универсальным именем символа "\u0437", невозможно представить в текущей кодовой странице (1252)
D:\Университет\2 курс 1 семестр\Курсовая работа\Algoritm Floyda\Algoritm Floyda.cpp(118,16): warning C4566: символ, представленный универсальным именем символа "\u0439", невозможно представить в текущей кодовой странице (1252)
D:\Университет\2 курс 1 семестр\Курсовая работа\Algoritm Floyda\Algoritm Floyda.cpp(118,16): warning C4566: символ, представленный универсальным именем символа "\u043B", невозможно представить в текущей кодовой странице (1252)
D:\Университет\2 курс 1 семестр\Курсовая работа\Algoritm Floyda\Algoritm Floyda.cpp(118,16): warning C4566: символ, представленный универсальным именем символа "\u0412", невозможно представить в текущей кодовой странице (1252)
D:\Университет\2 курс 1 семестр\Курсовая работа\Algoritm Floyda\Algoritm Floyda.cpp(118,16): warning C4566: символ, представленный универсальным именем символа "\u044B", невозможно представить в текущей кодовой странице (1252)
D:\Университет\2 курс 1 семестр\Курсовая работа\Algoritm Floyda\Algoritm Floyda.cpp(118,16): warning C4566: символ, представленный универсальным именем символа "\u0445", невозможно представить в текущей кодовой странице (1252)
D:\Университет\2 курс 1 семестр\Курсовая работа\Algoritm Floyda\Algoritm Floyda.cpp(118,16): warning C4566: символ, представленный универсальным именем символа "\u043E", невозможно представить в текущей кодовой странице (1252)
D:\Университет\2 курс 1 семестр\Курсовая работа\Algoritm Floyda\Algoritm Floyda.cpp(118,16): warning C4566: символ, представленный универсальным именем символа "\u0434", невозможно представить в текущей кодовой странице (1252)
D:\Университет\2 курс 1 семестр\Курсовая работа\Algoritm Floyda\Algoritm Floyda.cpp(118,16): warning C4566: символ, представленный универсальным именем символа "\u0432", невозможно представить в текущей кодовой странице (1252)
D:\Университет\2 курс 1 семестр\Курсовая работа\Algoritm Floyda\Algoritm Floyda.cpp(118,16): warning C4566: символ, представленный универсальным именем символа "\u0435", невозможно представить в текущей кодовой странице (1252)
D:\Университет\2 курс 1 семестр\Курсовая работа\Algoritm Floyda\Algoritm Floyda.cpp(126,20): warning C4566: символ, представленный универсальным именем символа "\u0412", невозможно представить в текущей кодовой странице (1252)
D:\Университет\2 курс 1 семестр\Курсовая работа\Algoritm Floyda\Algoritm Floyda.cpp(126,20): warning C4566: символ, представленный универсальным именем символа "\u0432", невозможно представить в текущей кодовой странице (1252)
D:\Университет\2 курс 1 семестр\Курсовая работа\Algoritm Floyda\Algoritm Floyda.cpp(126,20): warning C4566: символ, представленный универсальным именем символа "\u0435", невозможно представить в текущей кодовой странице (1252)
D:\Университет\2 курс 1 семестр\Курсовая работа\Algoritm Floyda\Algoritm Floyda.cpp(126,20): warning C4566: символ, представленный универсальным именем символа "\u0434", невозможно представить в текущей кодовой странице (1252)
D:\Университет\2 курс 1 семестр\Курсовая работа\Algoritm Floyda\Algoritm Floyda.cpp(126,20): warning C4566: символ, представленный универсальным именем символа "\u0438", невозможно представить в текущей кодовой странице (1252)
D:\Университет\2 курс 1 семестр\Курсовая работа\Algoritm Floyda\Algoritm Floyda.cpp(126,20): warning C4566: символ, представленный универсальным именем символа "\u0442", невозможно представить в текущей кодовой странице (1252)
D:\Университет\2 курс 1 семестр\Курсовая работа\Algoritm Floyda\Algoritm Floyda.cpp(126,20): warning C4566: символ, представленный универсальным именем символа "\u0440", невозможно представить в текущей кодовой странице (1252)
D:\Университет\2 курс 1 семестр\Курсовая работа\Algoritm Floyda\Algoritm Floyda.cpp(126,20): warning C4566: символ, представленный универсальным именем символа "\u043E", невозможно представить в текущей кодовой странице (1252)
D:\Университет\2 курс 1 семестр\Курсовая работа\Algoritm Floyda\Algoritm Floyda.cpp(126,20): warning C4566: символ, представленный универсальным именем символа "\u044F", невозможно представить в текущей кодовой странице (1252)
D:\Университет\2 курс 1 семестр\Курсовая работа\Algoritm Floyda\Algoritm Floyda.cpp(126,20): warning C4566: символ, представленный универсальным именем символа "\u043D", невозможно представить в текущей кодовой странице (1252)
D:\Университет\2 курс 1 семестр\Курсовая работа\Algoritm Floyda\Algoritm Floyda.cpp(126,20): warning C4566: символ, представленный универсальным именем символа "\u0441", невозможно представить в текущей кодовой странице (1252)
D:\Университет\2 курс 1 семестр\Курсовая работа\Algoritm Floyda\Algoritm Floyda.cpp(126,20): warning C4566: символ, представленный универсальным именем символа "\u044C", невозможно представить в текущей кодовой странице (1252)
D:\Университет\2 курс 1 семестр\Курсовая работа\Algoritm Floyda\Algoritm Floyda.cpp(126,20): warning C4566: символ, представленный универсальным именем символа "\u043F", невозможно представить в текущей кодовой странице (1252)
D:\Университет\2 курс 1 семестр\Курсовая работа\Algoritm Floyda\Algoritm Floyda.cpp(126,20): warning C4566: символ, представленный универсальным именем символа "\u0443", невозможно представить в текущей кодовой странице (1252)
D:\Университет\2 курс 1 семестр\Курсовая работа\Algoritm Floyda\Algoritm Floyda.cpp(126,20): warning C4566: символ, представленный универсальным именем символа "\u0431", невозможно представить в текущей кодовой странице (1252)
D:\Университет\2 курс 1 семестр\Курсовая работа\Algoritm Floyda\Algoritm Floyda.cpp(126,20): warning C4566: символ, представленный универсальным именем символа "\u0430", невозможно представить в текущей кодовой странице (1252)
D:\Университет\2 курс 1 семестр\Курсовая работа\Algoritm Floyda\Algoritm Floyda.cpp(126,20): warning C4566: символ, представленный универсальным именем символа "\u0447", невозможно представить в текущей кодовой странице (1252)
D:\Университет\2 курс 1 семестр\Курсовая работа\Algoritm Floyda\Algoritm Floyda.cpp(126,20): warning C4566: символ, представленный универсальным именем символа "\u043C", невозможно представить в текущей кодовой странице (1252)
D:\Университет\2 курс 1 семестр\Курсовая работа\Algoritm Floyda\Algoritm Floyda.cpp(126,20): warning C4566: символ, представленный универсальным именем символа "\u043B", невозможно представить в текущей кодовой странице (1252)
D:\Университет\2 курс 1 семестр\Курсовая работа\Algoritm Floyda\Algoritm Floyda.cpp(126,20): warning C4566: символ, представленный универсальным именем символа "\u0448", невозможно представить в текущей кодовой странице (1252)
D:\Университет\2 курс 1 семестр\Курсовая работа\Algoritm Floyda\Algoritm Floyda.cpp(126,20): warning C4566: символ, представленный универсальным именем символа "\u044B", невозможно представить в текущей кодовой странице (1252)
D:\Университет\2 курс 1 семестр\Курсовая работа\Algoritm Floyda\Algoritm Floyda.cpp(140,20): warning C4566: символ, представленный универсальным именем символа "\u041C", невозможно представить в текущей кодовой странице (1252)
D:\Университет\2 курс 1 семестр\Курсовая работа\Algoritm Floyda\Algoritm Floyda.cpp(140,20): warning C4566: символ, представленный универсальным именем символа "\u0430", невозможно представить в текущей кодовой странице (1252)
D:\Университет\2 курс 1 семестр\Курсовая работа\Algoritm Floyda\Algoritm Floyda.cpp(140,20): warning C4566: символ, представленный универсальным именем символа "\u0442", невозможно представить в текущей кодовой странице (1252)
D:\Университет\2 курс 1 семестр\Курсовая работа\Algoritm Floyda\Algoritm Floyda.cpp(140,20): warning C4566: символ, представленный универсальным именем символа "\u0440", невозможно представить в текущей кодовой странице (1252)
D:\Университет\2 курс 1 семестр\Курсовая работа\Algoritm Floyda\Algoritm Floyda.cpp(140,20): warning C4566: символ, представленный универсальным именем символа "\u0438", невозможно представить в текущей кодовой странице (1252)
D:\Университет\2 курс 1 семестр\Курсовая работа\Algoritm Floyda\Algoritm Floyda.cpp(140,20): warning C4566: символ, представленный универсальным именем символа "\u0446", невозможно представить в текущей кодовой странице (1252)
D:\Университет\2 курс 1 семестр\Курсовая работа\Algoritm Floyda\Algoritm Floyda.cpp(140,20): warning C4566: символ, представленный универсальным именем символа "\u0441", невозможно представить в текущей кодовой странице (1252)
D:\Университет\2 курс 1 семестр\Курсовая работа\Algoritm Floyda\Algoritm Floyda.cpp(140,20): warning C4566: символ, представленный универсальным именем символа "\u043C", невозможно представить в текущей кодовой странице (1252)
D:\Университет\2 курс 1 семестр\Курсовая работа\Algoritm Floyda\Algoritm Floyda.cpp(140,20): warning C4566: символ, представленный универсальным именем символа "\u0435", невозможно представить в текущей кодовой странице (1252)
D:\Университет\2 курс 1 семестр\Курсовая работа\Algoritm Floyda\Algoritm Floyda.cpp(140,20): warning C4566: символ, представленный универсальным именем символа "\u0436", невозможно представить в текущей кодовой странице (1252)
D:\Университет\2 курс 1 семестр\Курсовая работа\Algoritm Floyda\Algoritm Floyda.cpp(140,20): warning C4566: символ, представленный универсальным именем символа "\u043D", невозможно представить в текущей кодовой странице (1252)
D:\Университет\2 курс 1 семестр\Курсовая работа\Algoritm Floyda\Algoritm Floyda.cpp(140,20): warning C4566: символ, представленный универсальным именем символа "\u043E", невозможно представить в текущей кодовой странице (1252)
D:\Университет\2 курс 1 семестр\Курсовая работа\Algoritm Floyda\Algoritm Floyda.cpp(142,20): warning C4566: символ, представленный универсальным именем символа "\u041E", невозможно представить в текущей кодовой странице (1252)
D:\Университет\2 курс 1 семестр\Курсовая работа\Algoritm Floyda\Algoritm Floyda.cpp(142,20): warning C4566: символ, представленный универсальным именем символа "\u0442", невозможно представить в текущей кодовой странице (1252)
D:\Университет\2 курс 1 семестр\Курсовая работа\Algoritm Floyda\Algoritm Floyda.cpp(142,20): warning C4566: символ, представленный универсальным именем символа "\u0432", невозможно представить в текущей кодовой странице (1252)
D:\Университет\2 курс 1 семестр\Курсовая работа\Algoritm Floyda\Algoritm Floyda.cpp(142,20): warning C4566: символ, представленный универсальным именем символа "\u0435", невозможно представить в текущей кодовой странице (1252)
D:\Университет\2 курс 1 семестр\Курсовая работа\Algoritm Floyda\Algoritm Floyda.cpp(153,24): warning C4566: символ, представленный универсальным именем символа "\u0424", невозможно представить в текущей кодовой странице (1252)
D:\Университет\2 курс 1 семестр\Курсовая работа\Algoritm Floyda\Algoritm Floyda.cpp(153,24): warning C4566: символ, представленный универсальным именем символа "\u0430", невозможно представить в текущей кодовой странице (1252)
D:\Университет\2 курс 1 семестр\Курсовая работа\Algoritm Floyda\Algoritm Floyda.cpp(153,24): warning C4566: символ, представленный универсальным именем символа "\u0439", невозможно представить в текущей кодовой странице (1252)
D:\Университет\2 курс 1 семестр\Курсовая работа\Algoritm Floyda\Algoritm Floyda.cpp(153,24): warning C4566: символ, представленный универсальным именем символа "\u043B", невозможно представить в текущей кодовой странице (1252)
D:\Университет\2 курс 1 семестр\Курсовая работа\Algoritm Floyda\Algoritm Floyda.cpp(153,24): warning C4566: символ, представленный универсальным именем символа "\u043D", невозможно представить в текущей кодовой странице (1252)
D:\Университет\2 курс 1 семестр\Курсовая работа\Algoritm Floyda\Algoritm Floyda.cpp(153,24): warning C4566: символ, представленный универсальным именем символа "\u0435", невозможно представить в текущей кодовой странице (1252)
D:\Университет\2 курс 1 семестр\Курсовая работа\Algoritm Floyda\Algoritm Floyda.cpp(153,24): warning C4566: символ, представленный универсальным именем символа "\u0431", невозможно представить в текущей кодовой странице (1252)
D:\Университет\2 курс 1 семестр\Курсовая работа\Algoritm Floyda\Algoritm Floyda.cpp(153,24): warning C4566: символ, представленный универсальным именем символа "\u044B", невозможно представить в текущей кодовой странице (1252)
D:\Университет\2 курс 1 семестр\Курсовая работа\Algoritm Floyda\Algoritm Floyda.cpp(153,24): warning C4566: символ, представленный универсальным именем символа "\u0434", невозможно представить в текущей кодовой странице (1252)
D:\Университет\2 курс 1 семестр\Курсовая работа\Algoritm Floyda\Algoritm Floyda.cpp(153,24): warning C4476: "printf": неизвестный символ поля типа "?" в описателе формата
D:\Университет\2 курс 1 семестр\Курсовая работа\Algoritm Floyda\Algoritm Floyda.cpp(166,20): warning C4566: символ, представленный универсальным именем символа "\u041C", невозможно представить в текущей кодовой странице (1252)
D:\Университет\2 курс 1 семестр\Курсовая работа\Algoritm Floyda\Algoritm Floyda.cpp(166,20): warning C4566: символ, представленный универсальным именем символа "\u0430", невозможно представить в текущей кодовой странице (1252)
D:\Университет\2 курс 1 семестр\Курсовая работа\Algoritm Floyda\Algoritm Floyda.cpp(166,20): warning C4566: символ, представленный универсальным именем символа "\u0442", невозможно представить в текущей кодовой странице (1252)
D:\Университет\2 курс 1 семестр\Курсовая работа\Algoritm Floyda\Algoritm Floyda.cpp(166,20): warning C4566: символ, представленный универсальным именем символа "\u0440", невозможно представить в текущей кодовой странице (1252)
D:\Университет\2 курс 1 семестр\Курсовая работа\Algoritm Floyda\Algoritm Floyda.cpp(166,20): warning C4566: символ, представленный универсальным именем символа "\u0438", невозможно представить в текущей кодовой странице (1252)
D:\Университет\2 курс 1 семестр\Курсовая работа\Algoritm Floyda\Algoritm Floyda.cpp(166,20): warning C4566: символ, представленный универсальным именем символа "\u0446", невозможно представить в текущей кодовой странице (1252)
D:\Университет\2 курс 1 семестр\Курсовая работа\Algoritm Floyda\Algoritm Floyda.cpp(166,20): warning C4566: символ, представленный универсальным именем символа "\u0441", невозможно представить в текущей кодовой странице (1252)
D:\Университет\2 курс 1 семестр\Курсовая работа\Algoritm Floyda\Algoritm Floyda.cpp(166,20): warning C4566: символ, представленный универсальным именем символа "\u043C", невозможно представить в текущей кодовой странице (1252)
D:\Университет\2 курс 1 семестр\Курсовая работа\Algoritm Floyda\Algoritm Floyda.cpp(166,20): warning C4566: символ, представленный универсальным именем символа "\u0435", невозможно представить в текущей кодовой странице (1252)
D:\Университет\2 курс 1 семестр\Курсовая работа\Algoritm Floyda\Algoritm Floyda.cpp(166,20): warning C4566: символ, представленный универсальным именем символа "\u0436", невозможно представить в текущей кодовой странице (1252)
D:\Университет\2 курс 1 семестр\Курсовая работа\Algoritm Floyda\Algoritm Floyda.cpp(166,20): warning C4566: символ, представленный универсальным именем символа "\u043D", невозможно представить в текущей кодовой странице (1252)
D:\Университет\2 курс 1 семестр\Курсовая работа\Algoritm Floyda\Algoritm Floyda.cpp(166,20): warning C4566: символ, представленный универсальным именем символа "\u043E", невозможно представить в текущей кодовой странице (1252)
D:\Университет\2 курс 1 семестр\Курсовая работа\Algoritm Floyda\Algoritm Floyda.cpp(168,20): warning C4566: символ, представленный универсальным именем символа "\u041E", невозможно представить в текущей кодовой странице (1252)
D:\Университет\2 курс 1 семестр\Курсовая работа\Algoritm Floyda\Algoritm Floyda.cpp(168,20): warning C4566: символ, представленный универсальным именем символа "\u0442", невозможно представить в текущей кодовой странице (1252)
D:\Университет\2 курс 1 семестр\Курсовая работа\Algoritm Floyda\Algoritm Floyda.cpp(168,20): warning C4566: символ, представленный универсальным именем символа "\u0432", невозможно представить в текущей кодовой странице (1252)
D:\Университет\2 курс 1 семестр\Курсовая работа\Algoritm Floyda\Algoritm Floyda.cpp(168,20): warning C4566: символ, представленный универсальным именем символа "\u0435", невозможно представить в текущей кодовой странице (1252)
  Algoritm Floyda.vcxproj -> D:\Университет\2 курс 1 семестр\Курсовая работа\Algoritm Floyda\x64\Debug\Algoritm Floyda.exe
